<?xml version="1.0" encoding="UTF-8"?>
<!-- Generated by org.testng.reporters.JUnitXMLReporter -->
<testsuite ignored="0" hostname="Srinivas-97" failures="0" tests="3" name="Error Validations Test" time="22.824" errors="0" timestamp="2026-03-28T13:37:26 IST">
  <testcase classname="vivek.TestClasses.ErrorValidationswithDataFromJSON" name="loginWithInvalidCreds" time="1.686"/>
  <testcase classname="vivek.TestClasses.ErrorValidationswithDataFromJSON" name="loginWithInvalidCreds" time="2.8"/>
  <testcase classname="vivek.TestClasses.ErrorValidationswithDataFromJSON" name="loginWithInvalidCreds" time="5.178"/>
</testsuite> <!-- Error Validations Test -->
