<?xml version="1.0" encoding="UTF-8"?>
<!-- Generated by org.testng.reporters.JUnitXMLReporter -->
<testsuite ignored="0" hostname="Srinivas-97" failures="1" tests="3" name="ExtentReports Test" time="17.306" errors="0" timestamp="2026-03-28T11:59:17 IST">
  <testcase classname="vivek.TestClasses.ExtentReportsTest" name="loginWithInvalidCreds" time="2.523">
    <skipped/>
  </testcase> <!-- loginWithInvalidCreds -->
  <testcase classname="vivek.TestClasses.ExtentReportsTest" name="loginWithInvalidCreds" time="2.267">
    <skipped/>
  </testcase> <!-- loginWithInvalidCreds -->
  <testcase classname="vivek.TestClasses.ExtentReportsTest" name="loginWithInvalidCreds" time="1.507">
    <failure type="java.lang.AssertionError" message="expected [Incorrect email or password.] but found [Incorrect  or password.]">
      <![CDATA[java.lang.AssertionError: expected [Incorrect email or password.] but found [Incorrect  or password.]
at vivek.TestClasses.ExtentReportsTest.loginWithInvalidCreds(ExtentReportsTest.java:38)
at java.base/java.util.ArrayList.forEach(ArrayList.java:1596)
... Removed 31 stack frames]]>
    </failure>
  </testcase> <!-- loginWithInvalidCreds -->
</testsuite> <!-- ExtentReports Test -->
