<?xml version="1.0" encoding="UTF-8"?>
<!-- Generated by org.testng.reporters.JUnitXMLReporter -->
<testsuite ignored="0" hostname="Srinivas-97" failures="1" tests="3" name="Error Validations Test" time="43.465" errors="0" timestamp="2026-03-28T13:40:31 IST">
  <testcase classname="vivek.TestClasses.ErrorValidationswithDataFromJSON" name="loginWithInvalidCreds" time="0.692"/>
  <testcase classname="vivek.TestClasses.ErrorValidationswithDataFromJSON" name="loginWithInvalidCreds" time="1.094"/>
  <testcase classname="vivek.TestClasses.ErrorValidationswithDataFromJSON" name="loginWithInvalidCreds" time="0.643">
    <failure type="java.lang.AssertionError" message="expected [Incorrect email or password.] but found [Incorrect emailorpassword.]">
      <![CDATA[java.lang.AssertionError: expected [Incorrect email or password.] but found [Incorrect emailorpassword.]
at vivek.TestClasses.ErrorValidationswithDataFromJSON.loginWithInvalidCreds(ErrorValidationswithDataFromJSON.java:25)
at java.base/java.util.ArrayList.forEach(ArrayList.java:1604)
... Removed 35 stack frames]]>
    </failure>
  </testcase> <!-- loginWithInvalidCreds -->
</testsuite> <!-- Error Validations Test -->
