<?xml version="1.0" encoding="UTF-8"?>
<!-- Generated by org.testng.reporters.JUnitReportReporter -->
<testsuite hostname="Srinivas-97" failures="0" tests="3" name="vivek.TestClasses.ErrorValidationswithDPHashMap" time="27.614" errors="0" timestamp="2026-03-27T20:58:32 IST" skipped="0">
  <testcase classname="vivek.TestClasses.ErrorValidationswithDPHashMap" name="loginWithInvalidCreds" time="6.960"/>
  <testcase classname="vivek.TestClasses.ErrorValidationswithDPHashMap" name="loginWithInvalidCreds" time="13.405"/>
  <testcase classname="vivek.TestClasses.ErrorValidationswithDPHashMap" name="loginWithInvalidCreds" time="7.249"/>
</testsuite> <!-- vivek.TestClasses.ErrorValidationswithDPHashMap -->
