<?xml version="1.0" encoding="UTF-8"?>
<!-- Generated by org.testng.reporters.JUnitReportReporter -->
<testsuite hostname="Srinivas-97" failures="0" tests="3" name="vivek.TestClasses.ErrorValidationswithDataProvider" time="10.207" errors="0" timestamp="2026-03-26T20:37:24 IST" skipped="0">
  <testcase classname="vivek.TestClasses.ErrorValidationswithDataProvider" name="loginWithEmptyEmailPassword" time="3.059"/>
  <testcase classname="vivek.TestClasses.ErrorValidationswithDataProvider" name="loginWithEmptyEmailPassword" time="1.722"/>
  <testcase classname="vivek.TestClasses.ErrorValidationswithDataProvider" name="loginWithEmptyEmailPassword" time="5.426"/>
</testsuite> <!-- vivek.TestClasses.ErrorValidationswithDataProvider -->
