<?xml version="1.0" encoding="UTF-8"?>
<!-- Generated by org.testng.reporters.JUnitReportReporter -->
<testsuite hostname="Srinivas-97" failures="0" tests="3" name="vivek.TestClasses.ErrorValidationswithDataFromJSON" time="22.623" errors="0" timestamp="2026-03-28T13:37:26 IST" skipped="0">
  <testcase classname="vivek.TestClasses.ErrorValidationswithDataFromJSON" name="loginWithInvalidCreds" time="5.244"/>
  <testcase classname="vivek.TestClasses.ErrorValidationswithDataFromJSON" name="loginWithInvalidCreds" time="7.782"/>
  <testcase classname="vivek.TestClasses.ErrorValidationswithDataFromJSON" name="loginWithInvalidCreds" time="9.597"/>
</testsuite> <!-- vivek.TestClasses.ErrorValidationswithDataFromJSON -->
