<?xml version="1.0" encoding="UTF-8"?>
<!-- Generated by org.testng.reporters.JUnitReportReporter -->
<testsuite hostname="Srinivas-97" failures="0" tests="4" name="vivek.TestClasses.ErrorValidations" time="14.798" errors="0" timestamp="2026-03-26T19:24:04 IST" skipped="0">
  <testcase classname="vivek.TestClasses.ErrorValidations" name="loginWithInvalidEmailPassword" time="3.198"/>
  <testcase classname="vivek.TestClasses.ErrorValidations" name="loginWithInvalidPassword" time="3.191"/>
  <testcase classname="vivek.TestClasses.ErrorValidations" name="loginWithEmptyEmailPassword" time="4.890"/>
  <testcase classname="vivek.TestClasses.ErrorValidations" name="loginWithInvalidEmail" time="3.519"/>
</testsuite> <!-- vivek.TestClasses.ErrorValidations -->
